<?xml version="1.0" encoding="UTF-8"?>
<!-- Generated by org.testng.reporters.JUnitXMLReporter -->
<testsuite ignored="2" hostname="DESKTOP-5FESB8K" failures="0" tests="1" name="Test(failed)" time="17.884" errors="0" timestamp="2025-04-01T13:16:11 IST">
  <testcase classname="test.TC_005SelectHotelTest" name="testSelectHotelPageScenarios" time="3.686"/>
  <testcase classname="test.TC_005SelectHotelTest" name="testEditSelectHotel" time="0.0">
    <ignored/>
  </testcase> <!-- testEditSelectHotel -->
  <testcase classname="test.TC_005SelectHotelTest" name="verifyHotelDetailsAndTotalPrice" time="0.0">
    <ignored/>
  </testcase> <!-- verifyHotelDetailsAndTotalPrice -->
</testsuite> <!-- Test(failed) -->
